# JRE version: Java(TM) SE Runtime Environment (8.0_65-b17) (build 1.8.0_65-b17)
# Java VM: Java HotSpot(TM) 64-Bit Server VM (25.65-b01 mixed mode windows-amd64 compressed oops)
Heap:
 PSYoungGen      total 268800K, used 95720K [0x00000000d5d00000, 0x00000000e6600000, 0x0000000100000000)
  eden space 266240K, 35% used [0x00000000d5d00000,0x00000000dba7a210,0x00000000e6100000)
  from space 2560K, 0% used [0x00000000e6100000,0x00000000e6100000,0x00000000e6380000)
  to   space 2560K, 0% used [0x00000000e6380000,0x00000000e6380000,0x00000000e6600000)
 ParOldGen       total 42496K, used 38920K [0x0000000081600000, 0x0000000083f80000, 0x00000000d5d00000)
  object space 42496K, 91% used [0x0000000081600000,0x0000000083c02208,0x0000000083f80000)
 Metaspace       used 9985K, capacity 10170K, committed 10368K, reserved 1060864K
  class space    used 947K, capacity 1043K, committed 1152K, reserved 1048576K
GC Heap History (10 events):
Event: 1.179 GC heap before
{Heap before GC invocations=13 (full 1):
 PSYoungGen      total 268800K, used 266528K [0x00000000d5d00000, 0x00000000e6600000, 0x0000000100000000)
  eden space 266240K, 100% used [0x00000000d5d00000,0x00000000e6100000,0x00000000e6100000)
  from space 2560K, 11% used [0x00000000e6100000,0x00000000e6148000,0x00000000e6380000)
  to   space 2560K, 0% used [0x00000000e6380000,0x00000000e6380000,0x00000000e6600000)
 ParOldGen       total 39936K, used 3261K [0x0000000081600000, 0x0000000083d00000, 0x00000000d5d00000)
  object space 39936K, 8% used [0x0000000081600000,0x000000008192f4a8,0x0000000083d00000)
 Metaspace       used 7400K, capacity 7574K, committed 7808K, reserved 1058816K
  class space    used 789K, capacity 834K, committed 896K, reserved 1048576K
Event: 1.187 GC heap after
Heap after GC invocations=13 (full 1):
 PSYoungGen      total 268800K, used 320K [0x00000000d5d00000, 0x00000000e6600000, 0x0000000100000000)
  eden space 266240K, 0% used [0x00000000d5d00000,0x00000000d5d00000,0x00000000e6100000)
  from space 2560K, 12% used [0x00000000e6380000,0x00000000e63d0000,0x00000000e6600000)
  to   space 2560K, 0% used [0x00000000e6100000,0x00000000e6100000,0x00000000e6380000)
 ParOldGen       total 39936K, used 3429K [0x0000000081600000, 0x0000000083d00000, 0x00000000d5d00000)
  object space 39936K, 8% used [0x0000000081600000,0x00000000819594a8,0x0000000083d00000)
 Metaspace       used 7400K, capacity 7574K, committed 7808K, reserved 1058816K
  class space    used 789K, capacity 834K, committed 896K, reserved 1048576K
}
Event: 1.191 GC heap before
{Heap before GC invocations=14 (full 1):
 PSYoungGen      total 268800K, used 266560K [0x00000000d5d00000, 0x00000000e6600000, 0x0000000100000000)
  eden space 266240K, 100% used [0x00000000d5d00000,0x00000000e6100000,0x00000000e6100000)
  from space 2560K, 12% used [0x00000000e6380000,0x00000000e63d0000,0x00000000e6600000)
  to   space 2560K, 0% used [0x00000000e6100000,0x00000000e6100000,0x00000000e6380000)
 ParOldGen       total 39936K, used 3429K [0x0000000081600000, 0x0000000083d00000, 0x00000000d5d00000)
  object space 39936K, 8% used [0x0000000081600000,0x00000000819594a8,0x0000000083d00000)
 Metaspace       used 7411K, capacity 7574K, committed 7808K, reserved 1058816K
  class space    used 789K, capacity 834K, committed 896K, reserved 1048576K
Event: 1.194 GC heap after
Heap after GC invocations=14 (full 1):
 PSYoungGen      total 268800K, used 288K [0x00000000d5d00000, 0x00000000e6600000, 0x0000000100000000)
  eden space 266240K, 0% used [0x00000000d5d00000,0x00000000d5d00000,0x00000000e6100000)
  from space 2560K, 11% used [0x00000000e6100000,0x00000000e6148000,0x00000000e6380000)
  to   space 2560K, 0% used [0x00000000e6380000,0x00000000e6380000,0x00000000e6600000)
 ParOldGen       total 39936K, used 3677K [0x0000000081600000, 0x0000000083d00000, 0x00000000d5d00000)
  object space 39936K, 9% used [0x0000000081600000,0x00000000819974a8,0x0000000083d00000)
 Metaspace       used 7411K, capacity 7574K, committed 7808K, reserved 1058816K
  class space    used 789K, capacity 834K, committed 896K, reserved 1048576K
}
Event: 4.124 GC heap before
{Heap before GC invocations=15 (full 1):
 PSYoungGen      total 268800K, used 266528K [0x00000000d5d00000, 0x00000000e6600000, 0x0000000100000000)
  eden space 266240K, 100% used [0x00000000d5d00000,0x00000000e6100000,0x00000000e6100000)
  from space 2560K, 11% used [0x00000000e6100000,0x00000000e6148000,0x00000000e6380000)
  to   space 2560K, 0% used [0x00000000e6380000,0x00000000e6380000,0x00000000e6600000)
 ParOldGen       total 39936K, used 3677K [0x0000000081600000, 0x0000000083d00000, 0x00000000d5d00000)
  object space 39936K, 9% used [0x0000000081600000,0x00000000819974a8,0x0000000083d00000)
 Metaspace       used 9788K, capacity 9984K, committed 10112K, reserved 1060864K
  class space    used 944K, capacity 1044K, committed 1152K, reserved 1048576K
Event: 4.221 GC heap after
Heap after GC invocations=15 (full 1):
 PSYoungGen      total 268800K, used 2558K [0x00000000d5d00000, 0x00000000e6600000, 0x0000000100000000)
  eden space 266240K, 0% used [0x00000000d5d00000,0x00000000d5d00000,0x00000000e6100000)
  from space 2560K, 99% used [0x00000000e6380000,0x00000000e65ff830,0x00000000e6600000)
  to   space 2560K, 0% used [0x00000000e6100000,0x00000000e6100000,0x00000000e6380000)
 ParOldGen       total 39936K, used 22352K [0x0000000081600000, 0x0000000083d00000, 0x00000000d5d00000)
  object space 39936K, 55% used [0x0000000081600000,0x0000000082bd4070,0x0000000083d00000)
 Metaspace       used 9788K, capacity 9984K, committed 10112K, reserved 1060864K
  class space    used 944K, capacity 1044K, committed 1152K, reserved 1048576K
}
Event: 5.814 GC heap before
{Heap before GC invocations=16 (full 1):
 PSYoungGen      total 268800K, used 268798K [0x00000000d5d00000, 0x00000000e6600000, 0x0000000100000000)
  eden space 266240K, 100% used [0x00000000d5d00000,0x00000000e6100000,0x00000000e6100000)
  from space 2560K, 99% used [0x00000000e6380000,0x00000000e65ff830,0x00000000e6600000)
  to   space 2560K, 0% used [0x00000000e6100000,0x00000000e6100000,0x00000000e6380000)
 ParOldGen       total 39936K, used 22352K [0x0000000081600000, 0x0000000083d00000, 0x00000000d5d00000)
  object space 39936K, 55% used [0x0000000081600000,0x0000000082bd4070,0x0000000083d00000)
 Metaspace       used 9985K, capacity 10176K, committed 10368K, reserved 1060864K
  class space    used 947K, capacity 1044K, committed 1152K, reserved 1048576K
Event: 5.837 GC heap after
Heap after GC invocations=16 (full 1):
 PSYoungGen      total 268800K, used 2550K [0x00000000d5d00000, 0x00000000e6600000, 0x0000000100000000)
  eden space 266240K, 0% used [0x00000000d5d00000,0x00000000d5d00000,0x00000000e6100000)
  from space 2560K, 99% used [0x00000000e6100000,0x00000000e637daa0,0x00000000e6380000)
  to   space 2560K, 0% used [0x00000000e6380000,0x00000000e6380000,0x00000000e6600000)
 ParOldGen       total 42496K, used 41927K [0x0000000081600000, 0x0000000083f80000, 0x00000000d5d00000)
  object space 42496K, 98% used [0x0000000081600000,0x0000000083ef1e80,0x0000000083f80000)
 Metaspace       used 9985K, capacity 10176K, committed 10368K, reserved 1060864K
  class space    used 947K, capacity 1044K, committed 1152K, reserved 1048576K
}
Event: 5.837 GC heap before
{Heap before GC invocations=17 (full 2):
 PSYoungGen      total 268800K, used 2550K [0x00000000d5d00000, 0x00000000e6600000, 0x0000000100000000)
  eden space 266240K, 0% used [0x00000000d5d00000,0x00000000d5d00000,0x00000000e6100000)
  from space 2560K, 99% used [0x00000000e6100000,0x00000000e637daa0,0x00000000e6380000)
  to   space 2560K, 0% used [0x00000000e6380000,0x00000000e6380000,0x00000000e6600000)
 ParOldGen       total 42496K, used 41927K [0x0000000081600000, 0x0000000083f80000, 0x00000000d5d00000)
  object space 42496K, 98% used [0x0000000081600000,0x0000000083ef1e80,0x0000000083f80000)
 Metaspace       used 9985K, capacity 10176K, committed 10368K, reserved 1060864K
  class space    used 947K, capacity 1044K, committed 1152K, reserved 1048576K
Event: 5.935 GC heap after
Heap after GC invocations=17 (full 2):
 PSYoungGen      total 268800K, used 0K [0x00000000d5d00000, 0x00000000e6600000, 0x0000000100000000)
  eden space 266240K, 0% used [0x00000000d5d00000,0x00000000d5d00000,0x00000000e6100000)
  from space 2560K, 0% used [0x00000000e6100000,0x00000000e6100000,0x00000000e6380000)
  to   space 2560K, 0% used [0x00000000e6380000,0x00000000e6380000,0x00000000e6600000)
 ParOldGen       total 42496K, used 38920K [0x0000000081600000, 0x0000000083f80000, 0x00000000d5d00000)
  object space 42496K, 91% used [0x0000000081600000,0x0000000083c02208,0x0000000083f80000)
 Metaspace       used 9982K, capacity 10170K, committed 10368K, reserved 1060864K
  class space    used 947K, capacity 1043K, committed 1152K, reserved 1048576K
}

